<?xml version="1.0" encoding="UTF-8" ?>
<testsuite tests="16" failures="0" name="MathTest" time="0.042" errors="0" skipped="0">
  <properties>
[...]
</properties>
  <testcase classname="MathTest" name="getStringLengthDifference01" time="0.005"/>
  <testcase classname="MathTest" name="getStringLengthDifference02" time="0.001"/>
  <testcase classname="MathTest" name="charComparison01" time="0.005"/>
  <testcase classname="MathTest" name="charComparison02" time="0.002"/>
  <testcase classname="MathTest" name="compareLengthOfStrings01" time="0.001"/>
  <testcase classname="MathTest" name="compareLengthOfStrings02" time="0.001"/>
  <testcase classname="MathTest" name="divideInt01" time="0.003"/>
  <testcase classname="MathTest" name="divideInt02" time="0.001"/>
  <testcase classname="MathTest" name="divideInt03" time="0.002"/>
  <testcase classname="MathTest" name="divideInt04" time="0.005"/>
  <testcase classname="MathTest" name="subChar01" time="0.001"/>
  <testcase classname="MathTest" name="subChar02" time="0.003"/>
  <testcase classname="MathTest" name="sumChar01" time="0.001"/>
  <testcase classname="MathTest" name="sumChar02" time="0.003"/>
  <testcase classname="MathTest" name="isPrimeNumber01" time="0.003"/>
  <testcase classname="MathTest" name="isPrimeNumber02" time="0.005"/>
</testsuite>